<?xml version="1.0" encoding="UTF-8"?>
<!-- Generated by org.testng.reporters.JUnitXMLReporter -->
<testsuite ignored="0" hostname="AMIT_PC" failures="0" tests="11" name="Test1" time="38.142" errors="0" timestamp="2025-04-05T19:19:24 IST">
  <testcase classname="com.qa.testcases.TS001" name="TS001_TC001" time="3.935"/>
  <testcase classname="com.qa.testcases.TS001" name="TS001_TC002" time="2.036"/>
  <testcase classname="com.qa.testcases.TS001" name="TS001_TC002" time="2.021"/>
  <testcase classname="com.qa.testcases.TS001" name="TS001_TC002" time="2.032"/>
  <testcase classname="com.qa.testcases.TS001" name="TS001_TC002" time="1.954"/>
  <testcase classname="com.qa.testcases.TS001" name="TS001_TC003" time="2.748"/>
  <testcase classname="com.qa.testcases.TS001" name="TS001_TC004" time="3.902"/>
  <testcase classname="com.qa.testcases.TS001" name="TS001_TC005" time="1.613"/>
  <testcase classname="com.qa.testcases.TS001" name="TS001_TC005" time="2.368"/>
  <testcase classname="com.qa.testcases.TS001" name="TS001_TC005" time="1.565"/>
  <testcase classname="com.qa.testcases.TS001" name="TS001_TC005" time="1.49"/>
</testsuite> <!-- Test1 -->
