<?xml version="1.0" encoding="UTF-8"?>
<testsuite xmlns:xsi="http://www.w3.org/2001/XMLSchema-instance" xsi:noNamespaceSchemaLocation="https://maven.apache.org/surefire/maven-surefire-plugin/xsd/surefire-test-report.xsd" name="TestSuite" time="46.653" tests="22" errors="0" skipped="0" failures="4">
  <properties>
[...]
</properties>
  <testcase name="TS001_TC001" classname="com.qa.testcases.TS001" time="3.935"/>
  <testcase name="TS001_TC001" classname="com.qa.testcases.TS001" time="0.414"/>
  <testcase name="TS001_TC002" classname="com.qa.testcases.TS001" time="0.792"/>
  <testcase name="TS001_TC002" classname="com.qa.testcases.TS001" time="2.021"/>
  <testcase name="TS001_TC002" classname="com.qa.testcases.TS001" time="1.441"/>
  <testcase name="TS001_TC002" classname="com.qa.testcases.TS001" time="0.467">
    <failure message="Unable to locate element: //*[@id=&apos;password-error&apos;]&#10;For documentation on this error, please visit: https://www.selenium.dev/documentation/webdriver/troubleshooting/errors#no-such-element-exception&#10;Build info: version: &apos;4.27.0&apos;, revision: &apos;d6e718d134&apos;&#10;System info: os.name: &apos;Windows 11&apos;, os.arch: &apos;amd64&apos;, os.version: &apos;10.0&apos;, java.version: &apos;23.0.1&apos;&#10;Driver info: org.openqa.selenium.firefox.FirefoxDriver&#10;Command: [5cad8739-3795-42fb-bb43-e6a7ee877c49, findElement {using=xpath, value=//*[@id=&apos;password-error&apos;]}]&#10;Capabilities {acceptInsecureCerts: true, browserName: firefox, browserVersion: 137.0, moz:accessibilityChecks: false, moz:buildID: 20250327043313, moz:debuggerAddress: 127.0.0.1:35741, moz:geckodriverVersion: 0.36.0, moz:headless: false, moz:platformVersion: 10.0, moz:processID: 9688, moz:profile: C:\Users\razda\AppData\Loca..., moz:shutdownTimeout: 60000, moz:webdriverClick: true, moz:windowless: false, pageLoadStrategy: normal, platformName: windows, proxy: Proxy(), se:cdp: ws://127.0.0.1:35741/devtoo..., se:cdpVersion: 85.0, setWindowRect: true, strictFileInteractability: false, timeouts: {implicit: 0, pageLoad: 300000, script: 30000}, unhandledPromptBehavior: dismiss and notify, userAgent: Mozilla/5.0 (Windows NT 10....}&#10;Session ID: 5cad8739-3795-42fb-bb43-e6a7ee877c49" type="org.openqa.selenium.NoSuchElementException">org.openqa.selenium.NoSuchElementException: 
Unable to locate element: //*[@id='password-error']
For documentation on this error, please visit: https://www.selenium.dev/documentation/webdriver/troubleshooting/errors#no-such-element-exception
Build info: version: '4.27.0', revision: 'd6e718d134'
System info: os.name: 'Windows 11', os.arch: 'amd64', os.version: '10.0', java.version: '23.0.1'
Driver info: org.openqa.selenium.firefox.FirefoxDriver
Command: [5cad8739-3795-42fb-bb43-e6a7ee877c49, findElement {using=xpath, value=//*[@id='password-error']}]
Capabilities {acceptInsecureCerts: true, browserName: firefox, browserVersion: 137.0, moz:accessibilityChecks: false, moz:buildID: 20250327043313, moz:debuggerAddress: 127.0.0.1:35741, moz:geckodriverVersion: 0.36.0, moz:headless: false, moz:platformVersion: 10.0, moz:processID: 9688, moz:profile: C:\Users\razda\AppData\Loca..., moz:shutdownTimeout: 60000, moz:webdriverClick: true, moz:windowless: false, pageLoadStrategy: normal, platformName: windows, proxy: Proxy(), se:cdp: ws://127.0.0.1:35741/devtoo..., se:cdpVersion: 85.0, setWindowRect: true, strictFileInteractability: false, timeouts: {implicit: 0, pageLoad: 300000, script: 30000}, unhandledPromptBehavior: dismiss and notify, userAgent: Mozilla/5.0 (Windows NT 10....}
Session ID: 5cad8739-3795-42fb-bb43-e6a7ee877c49
	at com.qa.testcases.TS001.TS001_TC002(TS001.java:72)
</failure>
    <system-out><![CDATA[The thread ID for Firefox is 37
Date = 05_04_2025_19_19_07
]]></system-out>
  </testcase>
  <testcase name="TS001_TC002" classname="com.qa.testcases.TS001" time="1.486"/>
  <testcase name="TS001_TC002" classname="com.qa.testcases.TS001" time="0.096">
    <failure message="Unable to locate element: //*[@id=&apos;password-error&apos;]&#10;For documentation on this error, please visit: https://www.selenium.dev/documentation/webdriver/troubleshooting/errors#no-such-element-exception&#10;Build info: version: &apos;4.27.0&apos;, revision: &apos;d6e718d134&apos;&#10;System info: os.name: &apos;Windows 11&apos;, os.arch: &apos;amd64&apos;, os.version: &apos;10.0&apos;, java.version: &apos;23.0.1&apos;&#10;Driver info: org.openqa.selenium.firefox.FirefoxDriver&#10;Command: [5cad8739-3795-42fb-bb43-e6a7ee877c49, findElement {using=xpath, value=//*[@id=&apos;password-error&apos;]}]&#10;Capabilities {acceptInsecureCerts: true, browserName: firefox, browserVersion: 137.0, moz:accessibilityChecks: false, moz:buildID: 20250327043313, moz:debuggerAddress: 127.0.0.1:35741, moz:geckodriverVersion: 0.36.0, moz:headless: false, moz:platformVersion: 10.0, moz:processID: 9688, moz:profile: C:\Users\razda\AppData\Loca..., moz:shutdownTimeout: 60000, moz:webdriverClick: true, moz:windowless: false, pageLoadStrategy: normal, platformName: windows, proxy: Proxy(), se:cdp: ws://127.0.0.1:35741/devtoo..., se:cdpVersion: 85.0, setWindowRect: true, strictFileInteractability: false, timeouts: {implicit: 0, pageLoad: 300000, script: 30000}, unhandledPromptBehavior: dismiss and notify, userAgent: Mozilla/5.0 (Windows NT 10....}&#10;Session ID: 5cad8739-3795-42fb-bb43-e6a7ee877c49" type="org.openqa.selenium.NoSuchElementException">org.openqa.selenium.NoSuchElementException: 
Unable to locate element: //*[@id='password-error']
For documentation on this error, please visit: https://www.selenium.dev/documentation/webdriver/troubleshooting/errors#no-such-element-exception
Build info: version: '4.27.0', revision: 'd6e718d134'
System info: os.name: 'Windows 11', os.arch: 'amd64', os.version: '10.0', java.version: '23.0.1'
Driver info: org.openqa.selenium.firefox.FirefoxDriver
Command: [5cad8739-3795-42fb-bb43-e6a7ee877c49, findElement {using=xpath, value=//*[@id='password-error']}]
Capabilities {acceptInsecureCerts: true, browserName: firefox, browserVersion: 137.0, moz:accessibilityChecks: false, moz:buildID: 20250327043313, moz:debuggerAddress: 127.0.0.1:35741, moz:geckodriverVersion: 0.36.0, moz:headless: false, moz:platformVersion: 10.0, moz:processID: 9688, moz:profile: C:\Users\razda\AppData\Loca..., moz:shutdownTimeout: 60000, moz:webdriverClick: true, moz:windowless: false, pageLoadStrategy: normal, platformName: windows, proxy: Proxy(), se:cdp: ws://127.0.0.1:35741/devtoo..., se:cdpVersion: 85.0, setWindowRect: true, strictFileInteractability: false, timeouts: {implicit: 0, pageLoad: 300000, script: 30000}, unhandledPromptBehavior: dismiss and notify, userAgent: Mozilla/5.0 (Windows NT 10....}
Session ID: 5cad8739-3795-42fb-bb43-e6a7ee877c49
	at com.qa.testcases.TS001.TS001_TC002(TS001.java:72)
</failure>
    <system-out><![CDATA[The thread ID for Firefox is 37
]]></system-out>
  </testcase>
  <testcase name="TS001_TC002" classname="com.qa.testcases.TS001" time="2.235">
    <failure message="Unable to locate element: //*[@id=&apos;password-error&apos;]&#10;For documentation on this error, please visit: https://www.selenium.dev/documentation/webdriver/troubleshooting/errors#no-such-element-exception&#10;Build info: version: &apos;4.27.0&apos;, revision: &apos;d6e718d134&apos;&#10;System info: os.name: &apos;Windows 11&apos;, os.arch: &apos;amd64&apos;, os.version: &apos;10.0&apos;, java.version: &apos;23.0.1&apos;&#10;Driver info: org.openqa.selenium.firefox.FirefoxDriver&#10;Command: [5cad8739-3795-42fb-bb43-e6a7ee877c49, findElement {using=xpath, value=//*[@id=&apos;password-error&apos;]}]&#10;Capabilities {acceptInsecureCerts: true, browserName: firefox, browserVersion: 137.0, moz:accessibilityChecks: false, moz:buildID: 20250327043313, moz:debuggerAddress: 127.0.0.1:35741, moz:geckodriverVersion: 0.36.0, moz:headless: false, moz:platformVersion: 10.0, moz:processID: 9688, moz:profile: C:\Users\razda\AppData\Loca..., moz:shutdownTimeout: 60000, moz:webdriverClick: true, moz:windowless: false, pageLoadStrategy: normal, platformName: windows, proxy: Proxy(), se:cdp: ws://127.0.0.1:35741/devtoo..., se:cdpVersion: 85.0, setWindowRect: true, strictFileInteractability: false, timeouts: {implicit: 0, pageLoad: 300000, script: 30000}, unhandledPromptBehavior: dismiss and notify, userAgent: Mozilla/5.0 (Windows NT 10....}&#10;Session ID: 5cad8739-3795-42fb-bb43-e6a7ee877c49" type="org.openqa.selenium.NoSuchElementException">org.openqa.selenium.NoSuchElementException: 
Unable to locate element: //*[@id='password-error']
For documentation on this error, please visit: https://www.selenium.dev/documentation/webdriver/troubleshooting/errors#no-such-element-exception
Build info: version: '4.27.0', revision: 'd6e718d134'
System info: os.name: 'Windows 11', os.arch: 'amd64', os.version: '10.0', java.version: '23.0.1'
Driver info: org.openqa.selenium.firefox.FirefoxDriver
Command: [5cad8739-3795-42fb-bb43-e6a7ee877c49, findElement {using=xpath, value=//*[@id='password-error']}]
Capabilities {acceptInsecureCerts: true, browserName: firefox, browserVersion: 137.0, moz:accessibilityChecks: false, moz:buildID: 20250327043313, moz:debuggerAddress: 127.0.0.1:35741, moz:geckodriverVersion: 0.36.0, moz:headless: false, moz:platformVersion: 10.0, moz:processID: 9688, moz:profile: C:\Users\razda\AppData\Loca..., moz:shutdownTimeout: 60000, moz:webdriverClick: true, moz:windowless: false, pageLoadStrategy: normal, platformName: windows, proxy: Proxy(), se:cdp: ws://127.0.0.1:35741/devtoo..., se:cdpVersion: 85.0, setWindowRect: true, strictFileInteractability: false, timeouts: {implicit: 0, pageLoad: 300000, script: 30000}, unhandledPromptBehavior: dismiss and notify, userAgent: Mozilla/5.0 (Windows NT 10....}
Session ID: 5cad8739-3795-42fb-bb43-e6a7ee877c49
	at com.qa.testcases.TS001.TS001_TC002(TS001.java:72)
</failure>
    <system-out><![CDATA[The thread ID for Firefox is 38
Date = 05_04_2025_19_19_11
]]></system-out>
  </testcase>
  <testcase name="TS001_TC002" classname="com.qa.testcases.TS001" time="1.513">
    <failure message="Unable to locate element: //*[@id=&apos;password-error&apos;]&#10;For documentation on this error, please visit: https://www.selenium.dev/documentation/webdriver/troubleshooting/errors#no-such-element-exception&#10;Build info: version: &apos;4.27.0&apos;, revision: &apos;d6e718d134&apos;&#10;System info: os.name: &apos;Windows 11&apos;, os.arch: &apos;amd64&apos;, os.version: &apos;10.0&apos;, java.version: &apos;23.0.1&apos;&#10;Driver info: org.openqa.selenium.firefox.FirefoxDriver&#10;Command: [5cad8739-3795-42fb-bb43-e6a7ee877c49, findElement {using=xpath, value=//*[@id=&apos;password-error&apos;]}]&#10;Capabilities {acceptInsecureCerts: true, browserName: firefox, browserVersion: 137.0, moz:accessibilityChecks: false, moz:buildID: 20250327043313, moz:debuggerAddress: 127.0.0.1:35741, moz:geckodriverVersion: 0.36.0, moz:headless: false, moz:platformVersion: 10.0, moz:processID: 9688, moz:profile: C:\Users\razda\AppData\Loca..., moz:shutdownTimeout: 60000, moz:webdriverClick: true, moz:windowless: false, pageLoadStrategy: normal, platformName: windows, proxy: Proxy(), se:cdp: ws://127.0.0.1:35741/devtoo..., se:cdpVersion: 85.0, setWindowRect: true, strictFileInteractability: false, timeouts: {implicit: 0, pageLoad: 300000, script: 30000}, unhandledPromptBehavior: dismiss and notify, userAgent: Mozilla/5.0 (Windows NT 10....}&#10;Session ID: 5cad8739-3795-42fb-bb43-e6a7ee877c49" type="org.openqa.selenium.NoSuchElementException">org.openqa.selenium.NoSuchElementException: 
Unable to locate element: //*[@id='password-error']
For documentation on this error, please visit: https://www.selenium.dev/documentation/webdriver/troubleshooting/errors#no-such-element-exception
Build info: version: '4.27.0', revision: 'd6e718d134'
System info: os.name: 'Windows 11', os.arch: 'amd64', os.version: '10.0', java.version: '23.0.1'
Driver info: org.openqa.selenium.firefox.FirefoxDriver
Command: [5cad8739-3795-42fb-bb43-e6a7ee877c49, findElement {using=xpath, value=//*[@id='password-error']}]
Capabilities {acceptInsecureCerts: true, browserName: firefox, browserVersion: 137.0, moz:accessibilityChecks: false, moz:buildID: 20250327043313, moz:debuggerAddress: 127.0.0.1:35741, moz:geckodriverVersion: 0.36.0, moz:headless: false, moz:platformVersion: 10.0, moz:processID: 9688, moz:profile: C:\Users\razda\AppData\Loca..., moz:shutdownTimeout: 60000, moz:webdriverClick: true, moz:windowless: false, pageLoadStrategy: normal, platformName: windows, proxy: Proxy(), se:cdp: ws://127.0.0.1:35741/devtoo..., se:cdpVersion: 85.0, setWindowRect: true, strictFileInteractability: false, timeouts: {implicit: 0, pageLoad: 300000, script: 30000}, unhandledPromptBehavior: dismiss and notify, userAgent: Mozilla/5.0 (Windows NT 10....}
Session ID: 5cad8739-3795-42fb-bb43-e6a7ee877c49
	at com.qa.testcases.TS001.TS001_TC002(TS001.java:72)
</failure>
    <system-out><![CDATA[The thread ID for Firefox is 37
Date = 05_04_2025_19_19_13
]]></system-out>
  </testcase>
  <testcase name="TS001_TC003" classname="com.qa.testcases.TS001" time="0.416"/>
  <testcase name="TS001_TC003" classname="com.qa.testcases.TS001" time="2.28"/>
  <testcase name="TS001_TC004" classname="com.qa.testcases.TS001" time="0.109"/>
  <testcase name="TS001_TC004" classname="com.qa.testcases.TS001" time="0.963"/>
  <testcase name="TS001_TC005" classname="com.qa.testcases.TS001" time="1.611"/>
  <testcase name="TS001_TC005" classname="com.qa.testcases.TS001" time="1.284"/>
  <testcase name="TS001_TC005" classname="com.qa.testcases.TS001" time="0.801"/>
  <testcase name="TS001_TC005" classname="com.qa.testcases.TS001" time="0.766"/>
  <testcase name="TS001_TC005" classname="com.qa.testcases.TS001" time="0.56"/>
  <testcase name="TS001_TC005" classname="com.qa.testcases.TS001" time="0.93"/>
  <testcase name="TS001_TC005" classname="com.qa.testcases.TS001" time="2.073"/>
  <testcase name="TS001_TC005" classname="com.qa.testcases.TS001" time="2.251"/>
</testsuite>